0 info it worked if it ends with ok
1 verbose cli [ '/Users/Kevin/.nvm/v0.11.13/bin/node',
1 verbose cli   '/Users/Kevin/.nvm/v0.11.13/bin/npm',
1 verbose cli   'version',
1 verbose cli   'patch',
1 verbose cli   '-m',
1 verbose cli   'Add Editorconfig and JSHint by default. Clean up template gulpfile.js' ]
2 info using npm@1.4.9
3 info using node@v0.11.13
4 error Error: Git working directory not clean.
4 error M app/index.js
4 error M app/templates/_gulpfile.js
4 error M app/templates/_package.json
4 error     at /Users/Kevin/.nvm/v0.11.13/lib/node_modules/npm/lib/version.js:98:35
4 error     at ChildProcess.exithandler (child_process.js:720:7)
4 error     at ChildProcess.EventEmitter.emit (events.js:110:17)
4 error     at maybeClose (child_process.js:992:16)
4 error     at Socket.<anonymous> (child_process.js:1142:11)
4 error     at Socket.EventEmitter.emit (events.js:107:17)
4 error     at Pipe.close (net.js:461:12)
5 error If you need help, you may report this *entire* log,
5 error including the npm and node versions, at:
5 error     <http://github.com/npm/npm/issues>
6 error System Darwin 13.2.0
7 error command "/Users/Kevin/.nvm/v0.11.13/bin/node" "/Users/Kevin/.nvm/v0.11.13/bin/npm" "version" "patch" "-m" "Add Editorconfig and JSHint by default. Clean up template gulpfile.js"
8 error cwd /Users/Kevin/Sites/Yeoman/generator-typescript
9 error node -v v0.11.13
10 error npm -v 1.4.9
11 verbose exit [ 1, true ]
